#
# There is insufficient memory for the Java Runtime Environment to continue.
# Native memory allocation (mmap) failed to map 268435456 bytes for G1 virtual space
# Possible reasons:
#   The system is out of physical RAM or swap space
#   The process is running with CompressedOops enabled, and the Java Heap may be blocking the growth of the native heap
# Possible solutions:
#   Reduce memory load on the system
#   Increase physical memory or swap space
#   Check if swap backing store is full
#   Decrease Java heap size (-Xmx/-Xms)
#   Decrease number of Java threads
#   Decrease Java thread stack sizes (-Xss)
#   Set larger code cache with -XX:ReservedCodeCacheSize=
#   JVM is running with Zero Based Compressed Oops mode in which the Java heap is
#     placed in the first 32GB address space. The Java Heap base address is the
#     maximum limit for the native heap growth. Please use -XX:HeapBaseMinAddress
#     to set the Java Heap base and to place the Java Heap above 32GB virtual address.
# This output file may be truncated or incomplete.
#
#  Out of Memory Error (os_windows.cpp:3536), pid=8364, tid=6356
#
# JRE version:  (19.0.2+7) (build )
# Java VM: OpenJDK 64-Bit Server VM (19.0.2+7-44, mixed mode, sharing, tiered, compressed oops, compressed class ptrs, g1 gc, windows-amd64)
# No core dump will be written. Minidumps are not enabled by default on client versions of Windows
#

---------------  S U M M A R Y ------------

Command Line: -javaagent:C:\Program Files\JetBrains\IntelliJ IDEA Community Edition 2022.3.2\lib\idea_rt.jar=53088:C:\Program Files\JetBrains\IntelliJ IDEA Community Edition 2022.3.2\bin -Dfile.encoding=UTF-8 -Dsun.stdout.encoding=UTF-8 -Dsun.stderr.encoding=UTF-8 --module-path=C:\Users\alevlon\.m2\repository\org\controlsfx\controlsfx\11.1.2\controlsfx-11.1.2.jar;C:\Users\alevlon\.m2\repository\com\github\almasb\fxgl-io\17.2\fxgl-io-17.2.jar;C:\Users\alevlon\.m2\repository\com\github\almasb\fxgl\17.2\fxgl-17.2.jar;C:\Users\alevlon\.m2\repository\net\synedra\validatorfx\0.4.0\validatorfx-0.4.0.jar;C:\Users\alevlon\.m2\repository\org\apache\xmlrpc\xmlrpc-server\3.1.2\xmlrpc-server-3.1.2.jar;C:\Users\alevlon\.m2\repository\org\openjfx\javafx-base\19\javafx-base-19-win.jar;C:\Users\alevlon\.m2\repository\com\github\almasb\fxgl-core\17.2\fxgl-core-17.2.jar;C:\Users\alevlon\.m2\repository\org\openjfx\javafx-graphics\19\javafx-graphics-19-win.jar;C:\Users\alevlon\.m2\repository\org\openjfx\javafx-fxml\19\javafx-fxml-19-win.jar;C:\Users\alevlon\.m2\repository\com\gluonhq\attach\storage\4.0.13\storage-4.0.13.jar;C:\Users\alevlon\.m2\repository\org\apache\xmlrpc\xmlrpc-client\3.1.2\xmlrpc-client-3.1.2.jar;C:\Users\alevlon\.m2\repository\org\openjfx\javafx-media\19\javafx-media-19-win.jar;C:\Users\alevlon\.m2\repository\org\jetbrains\kotlin\kotlin-stdlib\1.6.0\kotlin-stdlib-1.6.0-modular.jar;C:\Users\alevlon\.m2\repository\com\github\almasb\fxgl-scene\17.2\fxgl-scene-17.2.jar;C:\Users\alevlon\.m2\repository\com\fasterxml\jackson\core\jackson-annotations\2.12.1\jackson-annotations-2.12.1.jar;C:\Users\alevlon\.m2\repository\org\kordamp\ikonli\ikonli-core\12.3.1\ikonli-core-12.3.1.jar;C:\Users\alevlon\.m2\repository\com\gluonhq\attach\audio\4.0.13\audio-4.0.13.jar;C:\Users\alevlon\.m2\repository\com\gluonhq\attach\util\4.0.13\util-4.0.13.jar;C:\Users\alevlon\.m2\repository\com\gluonhq\attach\lifecycle\4.0.13\lifecycle-4.0.13.jar;C:\Users\alevlon\.m2\repository\org\openjfx\javafx-web\19\javafx-web-19-win.jar;C:\Users\alevlon\.m2\repository\com\github\almasb\fxgl-entity\17.2\fxgl-entity-17.2.jar;C:\Users\alevlon\.m2\repository\org\openjfx\javafx-controls\19\javafx-controls-19-win.jar;C:\Users\alevlon\.m2\repository\org\kordamp\ikonli\ikonli-Djdk.module.main=com.kpitoys com.kpitoys/com.client.Client

Host: AMD Ryzen 5 2600 Six-Core Processor            , 12 cores, 15G,  Windows 10 , 64 bit Build 19041 (10.0.19041.2913)
Time: Tue Jun  6 15:01:51 2023  Windows 10 , 64 bit Build 19041 (10.0.19041.2913) elapsed time: 0.011735 seconds (0d 0h 0m 0s)

---------------  T H R E A D  ---------------

Current thread (0x000002043a6875a0):  JavaThread "Unknown thread" [_thread_in_vm, id=6356, stack(0x000000044da00000,0x000000044db00000)]

Stack: [0x000000044da00000,0x000000044db00000]
Native frames: (J=compiled Java code, j=interpreted, Vv=VM code, C=native code)
V  [jvm.dll+0x6ee21a]
V  [jvm.dll+0x85765e]
V  [jvm.dll+0x85904e]
V  [jvm.dll+0x859703]
V  [jvm.dll+0x28298f]
V  [jvm.dll+0x6eb009]
V  [jvm.dll+0x6dfbaa]
V  [jvm.dll+0x3573f6]
V  [jvm.dll+0x35ee56]
V  [jvm.dll+0x3b541e]
V  [jvm.dll+0x3b564f]
V  [jvm.dll+0x32c9ea]
V  [jvm.dll+0x32d89e]
V  [jvm.dll+0x821780]
V  [jvm.dll+0x3c2661]
V  [jvm.dll+0x801f51]
V  [jvm.dll+0x44ae8f]
V  [jvm.dll+0x44c811]
C  [jli.dll+0x5287]
C  [ucrtbase.dll+0x21bb2]
C  [KERNEL32.DLL+0x17614]
C  [ntdll.dll+0x526a1]


---------------  P R O C E S S  ---------------

Threads class SMR info:
_java_thread_list=0x00007ffeb128d048, length=0, elements={
}

Java Threads: ( => current thread )

Other Threads:
  0x000002043a6f8f00 WorkerThread "GC Thread#0" [stack: 0x000000044db00000,0x000000044dc00000] [id=6432]
  0x000002043856df90 ConcurrentGCThread "G1 Main Marker" [stack: 0x000000044dc00000,0x000000044dd00000] [id=17460]
  0x000002043856e9c0 WorkerThread "G1 Conc#0" [stack: 0x000000044dd00000,0x000000044de00000] [id=1856]

[error occurred during error reporting (printing all threads), id 0xc0000005, EXCEPTION_ACCESS_VIOLATION (0xc0000005) at pc=0x00007ffeb0a4d427]

VM state: not at safepoint (not fully initialized)

VM Mutex/Monitor currently owned by a thread:  ([mutex/lock_event])
[0x000002043a683210] Heap_lock - owner thread: 0x000002043a6875a0

Heap address: 0x0000000700c00000, size: 4084 MB, Compressed Oops mode: Zero based, Oop shift amount: 3

CDS archive(s) mapped at: [0x0000000000000000-0x0000000000000000-0x0000000000000000), size 0, SharedBaseAddress: 0x0000000800000000, ArchiveRelocationMode: 0.
Narrow klass base: 0x0000000000000000, Narrow klass shift: 0, Narrow klass range: 0x0

GC Precious Log:
 CardTable entry size: 512
 Card Set container configuration: InlinePtr #cards 4 size 8 Array Of Cards #cards 16 size 48 Howl #buckets 8 coarsen threshold 3686 Howl Bitmap #cards 512 size 80 coarsen threshold 460 Card regions per heap region 1 cards per card region 4096

Heap:
 garbage-first heap   total 0K, used 0K [0x0000000700c00000, 0x0000000800000000)
  region size 2048K, 0 young (0K), 0 survivors (0K)

[error occurred during error reporting (printing heap information), id 0xc0000005, EXCEPTION_ACCESS_VIOLATION (0xc0000005) at pc=0x00007ffeb0e56649]

GC Heap History (0 events):
No events

Dll operation events (1 events):
Event: 0.007 Loaded shared library C:\Users\alevlon\.jdks\openjdk-19.0.2\bin\java.dll

Deoptimization events (0 events):
No events

Classes loaded (0 events):
No events

Classes unloaded (0 events):
No events

Classes redefined (0 events):
No events

Internal exceptions (0 events):
No events

VM Operations (0 events):
No events

Events (0 events):
No events


Dynamic libraries:
0x00007ff74e470000 - 0x00007ff74e47e000 	C:\Users\alevlon\.jdks\openjdk-19.0.2\bin\java.exe
0x00007ffeff3b0000 - 0x00007ffeff5a8000 	C:\Windows\SYSTEM32\ntdll.dll
0x00007ffefe540000 - 0x00007ffefe5ff000 	C:\Windows\System32\KERNEL32.DLL
0x00007ffefcdf0000 - 0x00007ffefd0e6000 	C:\Windows\System32\KERNELBASE.dll
0x00007ffefd1f0000 - 0x00007ffefd2f0000 	C:\Windows\System32\ucrtbase.dll
0x00007ffeda750000 - 0x00007ffeda76b000 	C:\Users\alevlon\.jdks\openjdk-19.0.2\bin\VCRUNTIME140.dll
0x00007ffed4e90000 - 0x00007ffed4ea7000 	C:\Users\alevlon\.jdks\openjdk-19.0.2\bin\jli.dll
0x00007ffefdfe0000 - 0x00007ffefe17d000 	C:\Windows\System32\USER32.dll
0x00007ffefc140000 - 0x00007ffefc3da000 	C:\Windows\WinSxS\amd64_microsoft.windows.common-controls_6595b64144ccf1df_6.0.19041.1110_none_60b5254171f9507e\COMCTL32.dll
0x00007ffefcb40000 - 0x00007ffefcb62000 	C:\Windows\System32\win32u.dll
0x00007ffefe370000 - 0x00007ffefe40e000 	C:\Windows\System32\msvcrt.dll
0x00007ffefdc10000 - 0x00007ffefdc3c000 	C:\Windows\System32\GDI32.dll
0x00007ffefd2f0000 - 0x00007ffefd405000 	C:\Windows\System32\gdi32full.dll
0x00007ffefcbc0000 - 0x00007ffefcc5d000 	C:\Windows\System32\msvcp_win.dll
0x00007ffefe180000 - 0x00007ffefe1b0000 	C:\Windows\System32\IMM32.DLL
0x00007ffedd840000 - 0x00007ffedd84c000 	C:\Users\alevlon\.jdks\openjdk-19.0.2\bin\vcruntime140_1.dll
0x00007ffed4080000 - 0x00007ffed410e000 	C:\Users\alevlon\.jdks\openjdk-19.0.2\bin\msvcp140.dll
0x00007ffeb0710000 - 0x00007ffeb13d0000 	C:\Users\alevlon\.jdks\openjdk-19.0.2\bin\server\jvm.dll
0x00007ffefe600000 - 0x00007ffefe6af000 	C:\Windows\System32\ADVAPI32.dll
0x00007ffeff2d0000 - 0x00007ffeff36c000 	C:\Windows\System32\sechost.dll
0x00007ffefe410000 - 0x00007ffefe536000 	C:\Windows\System32\RPCRT4.dll
0x00007ffedaa30000 - 0x00007ffedaa39000 	C:\Windows\SYSTEM32\WSOCK32.dll
0x00007ffef28d0000 - 0x00007ffef28f7000 	C:\Windows\SYSTEM32\WINMM.dll
0x00007ffefe2a0000 - 0x00007ffefe30b000 	C:\Windows\System32\WS2_32.dll
0x00007ffef6110000 - 0x00007ffef611a000 	C:\Windows\SYSTEM32\VERSION.dll
0x00007ffefa300000 - 0x00007ffefa312000 	C:\Windows\SYSTEM32\kernel.appcore.dll
0x00007ffeda740000 - 0x00007ffeda74a000 	C:\Users\alevlon\.jdks\openjdk-19.0.2\bin\jimage.dll
0x00007ffefc4c0000 - 0x00007ffefc6a4000 	C:\Windows\SYSTEM32\DBGHELP.DLL
0x00007ffefc400000 - 0x00007ffefc434000 	C:\Windows\SYSTEM32\dbgcore.DLL
0x00007ffefd0f0000 - 0x00007ffefd172000 	C:\Windows\System32\bcryptPrimitives.dll
0x00007ffefc470000 - 0x00007ffefc47e000 	C:\Users\alevlon\.jdks\openjdk-19.0.2\bin\instrument.dll
0x00007ffec6070000 - 0x00007ffec6096000 	C:\Users\alevlon\.jdks\openjdk-19.0.2\bin\java.dll

dbghelp: loaded successfully - version: 4.0.5 - missing functions: none
symbol engine: initialized successfully - sym options: 0x614 - pdb path: .;C:\Users\alevlon\.jdks\openjdk-19.0.2\bin;C:\Windows\SYSTEM32;C:\Windows\WinSxS\amd64_microsoft.windows.common-controls_6595b64144ccf1df_6.0.19041.1110_none_60b5254171f9507e;C:\Users\alevlon\.jdks\openjdk-19.0.2\bin\server

VM Arguments:
jvm_args: -javaagent:C:\Program Files\JetBrains\IntelliJ IDEA Community Edition 2022.3.2\lib\idea_rt.jar=53088:C:\Program Files\JetBrains\IntelliJ IDEA Community Edition 2022.3.2\bin -Dfile.encoding=UTF-8 -Dsun.stdout.encoding=UTF-8 -Dsun.stderr.encoding=UTF-8 --module-path=C:\Users\alevlon\.m2\repository\org\controlsfx\controlsfx\11.1.2\controlsfx-11.1.2.jar;C:\Users\alevlon\.m2\repository\com\github\almasb\fxgl-io\17.2\fxgl-io-17.2.jar;C:\Users\alevlon\.m2\repository\com\github\almasb\fxgl\17.2\fxgl-17.2.jar;C:\Users\alevlon\.m2\repository\net\synedra\validatorfx\0.4.0\validatorfx-0.4.0.jar;C:\Users\alevlon\.m2\repository\org\apache\xmlrpc\xmlrpc-server\3.1.2\xmlrpc-server-3.1.2.jar;C:\Users\alevlon\.m2\repository\org\openjfx\javafx-base\19\javafx-base-19-win.jar;C:\Users\alevlon\.m2\repository\com\github\almasb\fxgl-core\17.2\fxgl-core-17.2.jar;C:\Users\alevlon\.m2\repository\org\openjfx\javafx-graphics\19\javafx-graphics-19-win.jar;C:\Users\alevlon\.m2\repository\org\openjfx\javafx-fxml\19\javafx-fxml-19-win.jar;C:\Users\alevlon\.m2\repository\com\gluonhq\attach\storage\4.0.13\storage-4.0.13.jar;C:\Users\alevlon\.m2\repository\org\apache\xmlrpc\xmlrpc-client\3.1.2\xmlrpc-client-3.1.2.jar;C:\Users\alevlon\.m2\repository\org\openjfx\javafx-media\19\javafx-media-19-win.jar;C:\Users\alevlon\.m2\repository\org\jetbrains\kotlin\kotlin-stdlib\1.6.0\kotlin-stdlib-1.6.0-modular.jar;C:\Users\alevlon\.m2\repository\com\github\almasb\fxgl-scene\17.2\fxgl-scene-17.2.jar;C:\Users\alevlon\.m2\repository\com\fasterxml\jackson\core\jackson-annotations\2.12.1\jackson-annotations-2.12.1.jar;C:\Users\alevlon\.m2\repository\org\kordamp\ikonli\ikonli-core\12.3.1\ikonli-core-12.3.1.jar;C:\Users\alevlon\.m2\repository\com\gluonhq\attach\audio\4.0.13\audio-4.0.13.jar;C:\Users\alevlon\.m2\repository\com\gluonhq\attach\util\4.0.13\util-4.0.13.jar;C:\Users\alevlon\.m2\repository\com\gluonhq\attach\lifecycle\4.0.13\lifecycle-4.0.13.jar;C:\Users\alevlon\.m2\repository\org\openjfx\javafx-web\19\javafx-web-19-win.jar;C:\Users\alevlon\.m2\repository\com\github\almasb\fxgl-entity\17.2\fxgl-entity-17.2.jar;C:\Users\alevlon\.m2\repository\org\openjfx\javafx-controls\19\javafx-controls-19-win.jar;C:\Users\alevlon\.m2\repository\org\kordamp\ikonli\ikonli-Djdk.module.main=com.kpitoys 
java_command: com.kpitoys/com.client.Client
java_class_path (initial): C:\Users\alevlon\.m2\repository\org\openjfx\javafx-controls\19\javafx-controls-19.jar;C:\Users\alevlon\.m2\repository\org\openjfx\javafx-graphics\19\javafx-graphics-19.jar;C:\Users\alevlon\.m2\repository\org\openjfx\javafx-base\19\javafx-base-19.jar;C:\Users\alevlon\.m2\repository\org\openjfx\javafx-fxml\19\javafx-fxml-19.jar;C:\Users\alevlon\.m2\repository\commons-logging\commons-logging\1.1\commons-logging-1.1.jar;C:\Users\alevlon\.m2\repository\log4j\log4j\1.2.12\log4j-1.2.12.jar;C:\Users\alevlon\.m2\repository\javax\servlet\servlet-api\2.3\servlet-api-2.3.jar;C:\Users\alevlon\.m2\repository\org\apache\ws\commons\util\ws-commons-util\1.0.2\ws-commons-util-1.0.2.jar;C:\Users\alevlon\.m2\repository\junit\junit\3.8.1\junit-3.8.1.jar;C:\Users\alevlon\.m2\repository\xml-apis\xml-apis\1.0.b2\xml-apis-1.0.b2.jar;C:\Users\alevlon\.m2\repository\com\mysql\mysql-connector-j\8.0.33\mysql-connector-j-8.0.33.jar;C:\Users\alevlon\.m2\repository\com\google\protobuf\protobuf-java\3.21.9\protobuf-java-3.21.9.jar;C:\Users\alevlon\.m2\repository\org\openjfx\javafx-web\19\javafx-web-19.jar;C:\Users\alevlon\.m2\repository\org\openjfx\javafx-media\19\javafx-media-19.jar;C:\Users\alevlon\.m2\repository\com\dlsc\formsfx\formsfx-core\11.5.0\formsfx-core-11.5.0.jar;C:\Users\alevlon\.m2\repository\org\kordamp\bootstrapfx\bootstrapfx-core\0.4.0\bootstrapfx-core-0.4.0.jar;C:\Users\alevlon\.m2\repository\eu\hansolo\tilesfx\17.1.15\tilesfx-17.1.15.jar;C:\Users\alevlon\.m2\repository\eu\hansolo\toolbox\17.0.26\toolbox-17.0.26.jar;C:\Users\alevlon\.m2\repository\eu\hansolo\toolboxfx\17.0.29\toolboxfx-17.0.29.jar;C:\Users\alevlon\.m2\repository\eu\hansolo\fx\heatmap\17.0.12\heatmap-17.0.12.jar;C:\Users\alevlon\.m2\repository\eu\hansolo\fx\countries\17.0.23\countries-17.0.23.jar;C:\Users\alevlon\.m2\repository\org\jetbrains\annotations\13.0\annotations-13.0.jar;C:\Users\alevlon\.m2\repository\org\jetbrains\kotlin\kotlin-stdlib-common\1.6.0\kotlin-stdlib-common-1.6.0.jar
Launcher Type: SUN_STANDARD

[Global flags]
     intx CICompilerCount                          = 4                                         {product} {ergonomic}
     uint ConcGCThreads                            = 3                                         {product} {ergonomic}
     uint G1ConcRefinementThreads                  = 10                                        {product} {ergonomic}
   size_t G1HeapRegionSize                         = 2097152                                   {product} {ergonomic}
    uintx GCDrainStackTargetSize                   = 64                                        {product} {ergonomic}
   size_t InitialHeapSize                          = 268435456                                 {product} {ergonomic}
   size_t MarkStackSize                            = 4194304                                   {product} {ergonomic}
   size_t MaxHeapSize                              = 4282384384                                {product} {ergonomic}
   size_t MinHeapDeltaBytes                        = 2097152                                   {product} {ergonomic}
   size_t MinHeapSize                              = 8388608                                   {product} {ergonomic}
    uintx NonNMethodCodeHeapSize                   = 5839372                                {pd product} {ergonomic}
    uintx NonProfiledCodeHeapSize                  = 122909434                              {pd product} {ergonomic}
    uintx ProfiledCodeHeapSize                     = 122909434                              {pd product} {ergonomic}
    uintx ReservedCodeCacheSize                    = 251658240                              {pd product} {ergonomic}
     bool SegmentedCodeCache                       = true                                      {product} {ergonomic}
   size_t SoftMaxHeapSize                          = 4282384384                             {manageable} {ergonomic}
     bool UseCompressedClassPointers               = true                           {product lp64_product} {ergonomic}
     bool UseCompressedOops                        = true                           {product lp64_product} {ergonomic}
     bool UseG1GC                                  = true                                      {product} {ergonomic}
     bool UseLargePagesIndividualAllocation        = false                                  {pd product} {ergonomic}

Logging:
Log output configuration:
 #0: stdout all=warning uptime,level,tags foldmultilines=false
 #1: stderr all=off uptime,level,tags foldmultilines=false

Environment Variables:
PATH=C:\Program Files (x86)\NVIDIA Corporation\PhysX\Common;C:\Windows\system32;C:\Windows;C:\Windows\System32\Wbem;C:\Windows\System32\WindowsPowerShell\v1.0\;C:\Windows\System32\OpenSSH\;C:\Program Files\dotnet\;C:\Program Files\Microsoft SQL Server\150\Tools\Binn\;C:\Program Files\Microsoft SQL Server\Client SDK\ODBC\170\Tools\Binn\;C:\Program Files\MySQL\MySQL Shell 8.0\bin\;C:\Users\alevlon\AppData\Local\Microsoft\WindowsApps;C:\Users\alevlon\.dotnet\tools;C:\Program Files\JetBrains\IntelliJ IDEA Community Edition 2022.3.2\bin;;C:\Program Files\JetBrains\JetBrains Rider 2022.3.3\bin;;C:\Users\alevlon\AppData\Local\Programs\Microsoft VS Code\bin
USERNAME=alevlon
OS=Windows_NT
PROCESSOR_IDENTIFIER=AMD64 Family 23 Model 8 Stepping 2, AuthenticAMD
TMP=C:\Users\alevlon\AppData\Local\Temp
TEMP=C:\Users\alevlon\AppData\Local\Temp



---------------  S Y S T E M  ---------------

OS:
 Windows 10 , 64 bit Build 19041 (10.0.19041.2913)
OS uptime: 1 days 17:39 hours

CPU: total 12 (initial active 12) (12 cores per cpu, 2 threads per core) family 23 model 8 stepping 2 microcode 0x0, cx8, cmov, fxsr, ht, mmx, 3dnowpref, sse, sse2, sse3, ssse3, sse4a, sse4.1, sse4.2, popcnt, lzcnt, tsc, tscinvbit, avx, avx2, aes, clmul, bmi1, bmi2, adx, sha, fma, vzeroupper, clflush, clflushopt, rdtscp

Memory: 4k page, system-wide physical 16335M (5608M free)
TotalPageFile size 18367M (AvailPageFile size 79M)
current process WorkingSet (physical memory assigned to process): 11M, peak: 11M
current process commit charge ("private bytes"): 64M, peak: 320M

vm_info: OpenJDK 64-Bit Server VM (19.0.2+7-44) for windows-amd64 JRE (19.0.2+7-44), built on 2022-11-30T18:02:09Z by "mach5one" with MS VC++ 17.1 (VS2022)

END.
